<?xml version="1.0" encoding="UTF-8"?>
<!-- Generated by org.testng.reporters.JUnitXMLReporter -->
<testsuite ignored="0" hostname="LAPTOP-84D7O3F5" failures="0" tests="4" name="Default test" time="0.726" errors="0" timestamp="2022-08-22T17:13:26 IST">
  <testcase classname="com.qa.db.automation.DB_Test" name="deleteTaleData" time="0.074"/>
  <testcase classname="com.qa.db.automation.DB_Test" name="getTableData" time="0.028"/>
  <testcase classname="com.qa.db.automation.DB_Test" name="insertData" time="0.048"/>
  <testcase classname="com.qa.db.automation.DB_Test" name="updateTableData" time="0.061"/>
</testsuite> <!-- Default test -->
