<?xml version="1.0" encoding="UTF-8"?>
<testng-results ignored="0" total="4" passed="4" failed="0" skipped="0">
  <reporter-output>
  </reporter-output>
  <suite started-at="2022-08-22T17:13:25 IST" name="Default suite" finished-at="2022-08-22T17:13:26 IST" duration-ms="726">
    <groups>
    </groups>
    <test started-at="2022-08-22T17:13:25 IST" name="Default test" finished-at="2022-08-22T17:13:26 IST" duration-ms="726">
      <class name="com.qa.db.automation.DB_Test">
        <test-method is-config="true" signature="setUp()[pri:0, instance:com.qa.db.automation.DB_Test@34f5090e]" started-at="2022-08-22T17:13:25 IST" name="setUp" finished-at="2022-08-22T17:13:26 IST" duration-ms="476" status="PASS">
          <reporter-output>
          </reporter-output>
        </test-method> <!-- setUp -->
        <test-method signature="deleteTaleData()[pri:0, instance:com.qa.db.automation.DB_Test@34f5090e]" started-at="2022-08-22T17:13:26 IST" name="deleteTaleData" finished-at="2022-08-22T17:13:26 IST" duration-ms="74" status="PASS">
          <reporter-output>
          </reporter-output>
        </test-method> <!-- deleteTaleData -->
        <test-method signature="getTableData()[pri:0, instance:com.qa.db.automation.DB_Test@34f5090e]" started-at="2022-08-22T17:13:26 IST" name="getTableData" finished-at="2022-08-22T17:13:26 IST" duration-ms="28" status="PASS">
          <reporter-output>
          </reporter-output>
        </test-method> <!-- getTableData -->
        <test-method signature="insertData()[pri:0, instance:com.qa.db.automation.DB_Test@34f5090e]" started-at="2022-08-22T17:13:26 IST" name="insertData" finished-at="2022-08-22T17:13:26 IST" duration-ms="48" status="PASS">
          <reporter-output>
          </reporter-output>
        </test-method> <!-- insertData -->
        <test-method signature="updateTableData()[pri:0, instance:com.qa.db.automation.DB_Test@34f5090e]" started-at="2022-08-22T17:13:26 IST" name="updateTableData" finished-at="2022-08-22T17:13:26 IST" duration-ms="61" status="PASS">
          <reporter-output>
          </reporter-output>
        </test-method> <!-- updateTableData -->
        <test-method is-config="true" signature="tearDown()[pri:0, instance:com.qa.db.automation.DB_Test@34f5090e]" started-at="2022-08-22T17:13:26 IST" name="tearDown" finished-at="2022-08-22T17:13:26 IST" duration-ms="4" status="PASS">
          <reporter-output>
          </reporter-output>
        </test-method> <!-- tearDown -->
      </class> <!-- com.qa.db.automation.DB_Test -->
    </test> <!-- Default test -->
  </suite> <!-- Default suite -->
</testng-results>
